====================[ Build | distributed_content_builder | Debug ]=============
/Applications/CLion.app/Contents/bin/cmake/mac/bin/cmake --build /Users/evgenijkuratov/CLionProjects/distributed_content_builder/cmake-build-debug --target distributed_content_builder
[1/1] Linking CXX executable distributed_content_builder/distributed_content_builder
FAILED: distributed_content_builder/distributed_content_builder
: && /Applications/Xcode.app/Contents/Developer/Toolchains/XcodeDefault.xctoolchain/usr/bin/c++ -g -isysroot /Applications/Xcode.app/Contents/Developer/Platforms/MacOSX.platform/Developer/SDKs/MacOSX12.1.sdk -mmacosx-version-min=11.5 -Wl,-search_paths_first -Wl,-headerpad_max_install_names  distributed_content_builder/CMakeFiles/distributed_content_builder.dir/Agent/RemoteAgent.cpp.o distributed_content_builder/CMakeFiles/distributed_content_builder.dir/main.cpp.o distributed_content_builder/CMakeFiles/distributed_content_builder.dir/Agent/Agent.cpp.o distributed_content_builder/CMakeFiles/distributed_content_builder.dir/Content/TestContent.cpp.o distributed_content_builder/CMakeFiles/distributed_content_builder.dir/Content/Content.cpp.o distributed_content_builder/CMakeFiles/distributed_content_builder.dir/Controller/DebugController.cpp.o distributed_content_builder/CMakeFiles/distributed_content_builder.dir/Controller/Controller.cpp.o distributed_content_builder/CMakeFiles/distributed_content_builder.dir/Network/TestNetwork.cpp.o distributed_content_builder/CMakeFiles/distributed_content_builder.dir/Queue/Queue.cpp.o distributed_content_builder/CMakeFiles/distributed_content_builder.dir/Task/TestTask.cpp.o distributed_content_builder/CMakeFiles/distributed_content_builder.dir/Task/Task.cpp.o -o distributed_content_builder/distributed_content_builder  /usr/local/opt/openssl/lib && :
ld: can't map file, errno=22 file '/usr/local/opt/openssl/lib' for architecture x86_64
clang: error: linker command failed with exit code 1 (use -v to see invocation)
ninja: build stopped: subcommand failed.